2025-06-05 13:05:42,751 - Server started and classes seeded.
2025-06-05 13:06:39,661 - Server started and classes seeded.
2025-06-05 13:09:05,927 - Server started and classes seeded.
2025-06-05 13:12:46,250 - Booked: anand@gmail.com -> Class ID 1
2025-06-05 13:13:33,200 - Booked: rajeshtorati@gmail.com -> Class ID 2
2025-06-05 13:21:35,101 - Server started and classes seeded.
2025-06-05 13:25:04,362 - Booked: shreyasiyer@gmail.com -> Class ID 1
2025-06-05 13:30:26,875 - Server started and classes seeded.
2025-06-05 13:31:46,384 - Server started and classes seeded.
2025-06-05 13:32:16,483 - Server started and classes seeded.
2025-06-05 13:32:17,656 - Server started and classes seeded.
2025-06-05 13:34:09,449 - Class created: lahari
2025-06-05 13:34:17,640 - Booked: shreyasiyer@gmail.com -> Class ID 4
2025-06-05 13:36:28,909 - Booked: virat@gmail.com -> Class ID 4
2025-06-05 13:50:25,842 - Booked: virat@gmail.com -> Class ID 3
2025-06-05 13:51:12,480 - Server started and classes seeded.
2025-06-05 13:51:50,696 - Server started and classes seeded.
2025-06-05 19:24:22,527 - Booked: anand@gmail.com -> Class ID 1
2025-06-05 19:24:34,634 - Booked: virat@gmail.com -> Class ID 3
2025-06-05 19:35:51,957 - Booked: anand@gmail.com -> Class ID 1
2025-06-05 19:36:04,207 - Booked: virat@gmail.com -> Class ID 3
2025-06-06 11:36:36,997 - Booked: anand@gmail.com -> Class ID 1
2025-06-06 11:37:16,612 - Booked: virat@gmail.com -> Class ID 3
